31-03-2014 11:32:39: Administrador DHO 	UPDATE usuario SET
						rol_usuario='A', 
						nom_usuario='dany', 
						appat_usuario='ruiz', 
						apmat_usuario='inuma', 
						login_usuario='41080514', 
						sex_usuario='', 
						estciv_usuario='', 
						fechnac_usuario='', 
						email_usuario='ldanyruiz@gmail.com',
						usu_edita=2, 
						fech_edita=NOW()
						WHERE id_usuario=629; 
31-03-2014 11:38:54: Administrador DHO 	UPDATE usuario SET
						rol_usuario='A', 
						nom_usuario='dany', 
						appat_usuario='ruiz', 
						apmat_usuario='inuma', 
						login_usuario='41080514', 
						sex_usuario='', 
						estciv_usuario='', 
						fechnac_usuario='', 
						email_usuario='ldanyruiz@gmail.com',
						usu_edita=2, 
						fech_edita=NOW()
						WHERE id_usuario=629; 
31-03-2014 11:47:04: Administrador DHO 	UPDATE usuario SET
						rol_usuario='A', 
						nom_usuario='dany', 
						appat_usuario='ruiz', 
						apmat_usuario='inuma', 
						login_usuario='41080514', 
						sex_usuario='', 
						estciv_usuario='', 
						fechnac_usuario='', 
						email_usuario='ldanyruiz@gmail.com',
						usu_edita=2, 
						fech_edita=NOW()
						WHERE id_usuario=629; 
31-03-2014 11:47:29: Administrador DHO 	UPDATE usuario SET
						rol_usuario='A', 
						nom_usuario='dany', 
						appat_usuario='ruiz', 
						apmat_usuario='inuma', 
						login_usuario='41080514', 
						sex_usuario='', 
						estciv_usuario='', 
						fechnac_usuario='', 
						email_usuario='ldanyruiz@gmail.com',
						usu_edita=2, 
						fech_edita=NOW()
						WHERE id_usuario=629; 
31-03-2014 11:48:04: Administrador DHO 	UPDATE usuario SET
						rol_usuario='A', 
						nom_usuario='dany', 
						appat_usuario='ruiz', 
						apmat_usuario='inuma', 
						login_usuario='41080514', 
						sex_usuario='', 
						estciv_usuario='', 
						fechnac_usuario='', 
						email_usuario='ldanyruiz@gmail.com',
						usu_edita=2, 
						fech_edita=NOW()
						WHERE id_usuario=629; 
31-03-2014 11:55:12: Administrador DHO 	UPDATE usuario SET
						rol_usuario='A', 
						nom_usuario='Dany ', 
						appat_usuario='Ruiz', 
						apmat_usuario='inuma', 
						login_usuario='41080514', 
						sex_usuario='', 
						estciv_usuario='', 
						fechnac_usuario='', 
						email_usuario='ldanyruiz@gmail.com',
						usu_edita=2, 
						fech_edita=NOW()
						WHERE id_usuario=629; 
31-03-2014 11:56:41: Administrador DHO 	UPDATE usuario SET
						rol_usuario='R', 
						nom_usuario='Demo', 
						appat_usuario='Demo', 
						apmat_usuario='Demo', 
						login_usuario='Demo', 
						sex_usuario='', 
						estciv_usuario='', 
						fechnac_usuario='', 
						email_usuario='ldanyruiz@gmail.com',
						usu_edita=2, 
						fech_edita=NOW()
						WHERE id_usuario=627; 
